272
95
230
273
254
116
195
42
802
183
233
18
89
89
466
298
109
179
101
490
436
572
77
211
435
333
695
215
310
617
133
128
112
111
781
211
326
235
927
59
25
529
675
505
334
604
664
259
224
73
411
443
727
629
350
64
720
170
508
317
247
138
197
450
41
442
75
125
61
248
858
131
379
444
395
453
635
251
253
542
105
366
601
517
172
106
442
56
271
272
33
18
515
107
673
56
448
100
306
700
394
26
53
166
44
246
91
568
232
814
381
45
161
285
242
257
738
425
81
84
333
686
489
131
324
533
297
468
494
554
257
344
237
58
42
271
406
963
163
652
123
199
246
388
254
169
398
93
108
462
565
721
9
70
231
579
947
40
168
486
423
433
240
508
25
271
227
12
98
65
76
113
140
471
13
1
120
382
465
534
467
379
58
289
695
713
241
150
104
397
380
370
653
567
728
67
152
109
764
791
172
246
247
97
310
263
455
282
781
43
613
8
564
963
423
555
618
87
805
276
126
805
387
741
37
130
215
255
137
201
526
523
271
245
583
35
38
426
239
503
865
235
30
542
221
644
328
384
109
721
55
156
436
291
372
446
51
763
661
353
282
596
44
351
412
24
709
243
111
316
280
149
838
344
1
95
554
385
192
517
629
91
219
168
598
617
259
521
335
420
157
346
380
560
434
387
520
674
787
13
303
859
94
772
244
483
278
497
599
815
771
433
708
154
171
440
170
329
560
502
53
619
52
510
287
103
243
153
52
503
593
347
427
171
628
463
708
714
59
525
156
163
145
49
390
79
234
483
676
687
676
339
108
53
478
285
394
527
419
395
599
128
725
233
31
646
82
286
694
207
187
131
492
1
501
108
612
190
429
346
184
257
168
323
52
125
191
411
372
547
472
122
930
326
258
17
93
570
9
353
445
175
406
638
188
392
245
478
13
869
134
13
721
527
528
147
265
82
310
271
67
221
571
750
464
361
75
165
96
223
613
406
261
197
97
165
343
260
429
122
266
210
594
858
696
561
759
25
34
401
191
490
527
807
57
434
135
37
833
573
74
271
304
434
34
182
492
158
112
80
849
226
175
388
587
202
777
819
512
95
347
311
172
170
220
105
239
392
714
431
746
139
221
106
61
424
489
242
570
546
638
395
292
89
768
41
535
171
202
75
663
222
412
526
865
864
449
834
0
83
563
421
433
262
323
73
104
556
436
539
685
259
35
131
37
471
687
521
263
137
8
35
18
413
391
692
468
30
238
37
188
355
482
9
436
581
253
988
328
91
366
419
158
255
33
89
212
686
141
489
849
182
117
441
799
676
362
750
99
867
474
250
310
142
49
60
368
126
159
713
466
577
865
922
494
226
550
713
513
650
193
237
626
666
771
371
45
797
236
14
353
473
705
652
277
232
299
95
266
213
417
894
554
421
708
410
382
551
107
342
86
84
294
59
803
77
473
556
443
142
700
208
675
484
105
249
403
381
797
504
439
377
563
129
755
586
306
611
204
230
361
401
363
58
571
341
109
45
255
90
93
307
227
545
37
540
761
14
69
107
543
891
107
135
214
573
521
16
88
199
300
154
194
681
107
30
40
103
169
47
327
214
340
42
166
156
15
337
550
133
66
411
196
456
295
213
137
757
312
452
199
41
641
81
129
466
187
241
155
54
349
928
47
259
202
114
241
18
174
245
31
315
321
283
136
77
744
394
736
729
138
656
25
147
4
610
530
684
393
186
275
141
602
290
3
73
811
47
95
9
1
127
765
42
351
286
157
62
199
359
382
223
286
774
151
940
5
24
354
455
161
87
956
266
537
884
753
694
548
353
527
49
814
366
676
588
100
88
351
190
327
79
63
86
625
68
685
424
321
229
429
197
693
85
37
5
503
704
221
305
544
743
505
468
465
107
440
189
394
636
47
523
181
352
350
738
186
34
222
857
411
218
138
184
546
4
3
266
840
190
393
66
291
519
20
324
423
774
64
374
31
169
55
336
151
340
543
750
377
396
32
431
589
483
582
540
183
148
31
37
127
91
973
510
202
264
34
660
2
10
175
624
309
262
193
238
354
55
85
476
14
232
253
414
459
369
467
991
223
104
102
762
269
262
146
485
691
379
25
404
299
173
11
156
198
488
419
202
292
530
265
868
374
192
189
404
215
458
198
168
381
190
127
412
72
732
767
322
333
353
118
31
105
290
515
192
69
915
624
111
21
64
4
279
21
559
139
434
548
230
392
78
130
373
137
390
108
503
48
48
782
22
521
96
69
11
207
136
77
103
